#
# There is insufficient memory for the Java Runtime Environment to continue.
# Native memory allocation (malloc) failed to allocate 581936 bytes for Chunk::new
# Possible reasons:
#   The system is out of physical RAM or swap space
#   The process is running with CompressedOops enabled, and the Java Heap may be blocking the growth of the native heap
# Possible solutions:
#   Reduce memory load on the system
#   Increase physical memory or swap space
#   Check if swap backing store is full
#   Decrease Java heap size (-Xmx/-Xms)
#   Decrease number of Java threads
#   Decrease Java thread stack sizes (-Xss)
#   Set larger code cache with -XX:ReservedCodeCacheSize=
#   JVM is running with Unscaled Compressed Oops mode in which the Java heap is
#     placed in the first 4GB address space. The Java Heap base address is the
#     maximum limit for the native heap growth. Please use -XX:HeapBaseMinAddress
#     to set the Java Heap base and to place the Java Heap above 4GB virtual address.
# This output file may be truncated or incomplete.
#
#  Out of Memory Error (./open/src/hotspot/share/memory/arena.cpp:197), pid=23296, tid=652
#
# JRE version: Java(TM) SE Runtime Environment 18.9 (11.0.11+9) (build 11.0.11+9-LTS-194)
# Java VM: Java HotSpot(TM) 64-Bit Server VM 18.9 (11.0.11+9-LTS-194, mixed mode, tiered, compressed oops, g1 gc, windows-amd64)
# No core dump will be written. Minidumps are not enabled by default on client versions of Windows
#

---------------  S U M M A R Y ------------

Command Line: C:\Users\JINTHUSAN\AppData\Local\Temp\surefire1651593903303728021\surefirebooter3710259515723997576.jar C:\Users\JINTHUSAN\AppData\Local\Temp\surefire1651593903303728021 2021-06-14T11-59-28_269-jvmRun1 surefire16611507139213843574tmp surefire_05685117915537698481tmp

Host: Intel(R) Core(TM) i7-8550U CPU @ 1.80GHz, 8 cores, 7G,  Windows 10 , 64 bit Build 19041 (10.0.19041.928)
Time: Mon Jun 14 11:59:37 2021 Sri Lanka Standard Time elapsed time: 8.371016 seconds (0d 0h 0m 8s)

---------------  T H R E A D  ---------------

Current thread (0x00000113ed8ad000):  JavaThread "C2 CompilerThread0" daemon [_thread_in_native, id=652, stack(0x0000000fcb700000,0x0000000fcb800000)]


Current CompileTask:
C2:   8371 3048       4       freemarker.template.Template$LineTableBuilder::handleChar (202 bytes)

Stack: [0x0000000fcb700000,0x0000000fcb800000]
Native frames: (J=compiled Java code, j=interpreted, Vv=VM code, C=native code)
V  [jvm.dll+0x616f2a]
V  [jvm.dll+0x74de7f]
V  [jvm.dll+0x74f505]
V  [jvm.dll+0x74fb83]
V  [jvm.dll+0x2436d8]
V  [jvm.dll+0xba68c]
V  [jvm.dll+0xbad8c]
V  [jvm.dll+0x3462b7]
V  [jvm.dll+0x3140c3]
V  [jvm.dll+0x31340a]
V  [jvm.dll+0x1fd045]
V  [jvm.dll+0x1fc22f]
V  [jvm.dll+0x17f0bc]
V  [jvm.dll+0x20b68c]
V  [jvm.dll+0x20978b]
V  [jvm.dll+0x7152c9]
V  [jvm.dll+0x70dfc4]
V  [jvm.dll+0x6160f6]
C  [ucrtbase.dll+0x21bb2]
C  [KERNEL32.DLL+0x17034]
C  [ntdll.dll+0x52651]


---------------  P R O C E S S  ---------------

Threads class SMR info:
_java_thread_list=0x00000113f0abcb80, length=45, elements={
0x00000113ceb37000, 0x00000113ed88e800, 0x00000113ed898800, 0x00000113ed8aa800,
0x00000113ed8ab800, 0x00000113ed8ad000, 0x00000113ed8af800, 0x00000113ed8b8800,
0x00000113ee383000, 0x00000113ee38b000, 0x00000113ee8ba800, 0x00000113ef95f800,
0x00000113eff6f000, 0x00000113eff70000, 0x00000113ef729800, 0x00000113ef64f800,
0x00000113efa80800, 0x00000113ef660000, 0x00000113efc12800, 0x00000113efc13000,
0x00000113efc0e800, 0x00000113efc10000, 0x00000113efc0f000, 0x00000113efc11000,
0x00000113efc2e000, 0x00000113efc2c800, 0x00000113efc2f000, 0x00000113efc2b800,
0x00000113efc2f800, 0x00000113efc2b000, 0x00000113efc2d800, 0x00000113efc2a000,
0x00000113efc36000, 0x00000113efc34800, 0x00000113efc30800, 0x00000113efc31800,
0x00000113efc32000, 0x00000113efc34000, 0x00000113efc38000, 0x00000113efc38800,
0x00000113efc35800, 0x00000113efc33000, 0x00000113f0ce6000, 0x00000113f0ce5000,
0x00000113f0ac7000
}

Java Threads: ( => current thread )
  0x00000113ceb37000 JavaThread "main" [_thread_blocked, id=6220, stack(0x0000000fcac00000,0x0000000fcad00000)]
  0x00000113ed88e800 JavaThread "Reference Handler" daemon [_thread_blocked, id=9664, stack(0x0000000fcb300000,0x0000000fcb400000)]
  0x00000113ed898800 JavaThread "Finalizer" daemon [_thread_blocked, id=10996, stack(0x0000000fcb400000,0x0000000fcb500000)]
  0x00000113ed8aa800 JavaThread "Signal Dispatcher" daemon [_thread_blocked, id=10660, stack(0x0000000fcb500000,0x0000000fcb600000)]
  0x00000113ed8ab800 JavaThread "Attach Listener" daemon [_thread_blocked, id=10828, stack(0x0000000fcb600000,0x0000000fcb700000)]
=>0x00000113ed8ad000 JavaThread "C2 CompilerThread0" daemon [_thread_in_native, id=652, stack(0x0000000fcb700000,0x0000000fcb800000)]
  0x00000113ed8af800 JavaThread "C1 CompilerThread0" daemon [_thread_in_vm, id=19936, stack(0x0000000fcb800000,0x0000000fcb900000)]
  0x00000113ed8b8800 JavaThread "Sweeper thread" daemon [_thread_blocked, id=13200, stack(0x0000000fcb900000,0x0000000fcba00000)]
  0x00000113ee383000 JavaThread "Service Thread" daemon [_thread_blocked, id=15984, stack(0x0000000fcba00000,0x0000000fcbb00000)]
  0x00000113ee38b000 JavaThread "Common-Cleaner" daemon [_thread_blocked, id=17820, stack(0x0000000fcbc00000,0x0000000fcbd00000)]
  0x00000113ee8ba800 JavaThread "surefire-forkedjvm-command-thread" daemon [_thread_in_native, id=10272, stack(0x0000000fcbe00000,0x0000000fcbf00000)]
  0x00000113ef95f800 JavaThread "TestNG-tests-1" [_thread_blocked, id=2240, stack(0x0000000fcc300000,0x0000000fcc400000)]
  0x00000113eff6f000 JavaThread "Forwarding get on session 297cdffb20a092e7cf8036096b24e622 to remote" [_thread_blocked, id=23244, stack(0x0000000fcc400000,0x0000000fcc500000)]
  0x00000113eff70000 JavaThread "TestNG-tests-3" [_thread_blocked, id=22852, stack(0x0000000fcc500000,0x0000000fcc600000)]
  0x00000113ef729800 JavaThread "ForkJoinPool.commonPool-worker-3" daemon [_thread_blocked, id=6668, stack(0x0000000fcc600000,0x0000000fcc700000)]
  0x00000113ef64f800 JavaThread "AsyncHttpClient-1-1" daemon [_thread_blocked, id=12352, stack(0x0000000fcc700000,0x0000000fcc800000)]
  0x00000113efa80800 JavaThread "netty-client-timer-3-1" daemon [_thread_blocked, id=13776, stack(0x0000000fcc800000,0x0000000fcc900000)]
  0x00000113ef660000 JavaThread "Exec Default Executor" daemon [_thread_in_native, id=19628, stack(0x0000000fcc900000,0x0000000fcca00000)]
  0x00000113efc12800 JavaThread "Exec Default Executor" daemon [_thread_in_native, id=19044, stack(0x0000000fcca00000,0x0000000fccb00000)]
  0x00000113efc13000 JavaThread "Exec Default Executor" daemon [_thread_in_native, id=6156, stack(0x0000000fccb00000,0x0000000fccc00000)]
  0x00000113efc0e800 JavaThread "ForkJoinPool.commonPool-worker-5" daemon [_thread_blocked, id=6540, stack(0x0000000fccc00000,0x0000000fccd00000)]
  0x00000113efc10000 JavaThread "ForkJoinPool.commonPool-worker-7" daemon [_thread_blocked, id=3788, stack(0x0000000fccd00000,0x0000000fcce00000)]
  0x00000113efc0f000 JavaThread "ForkJoinPool.commonPool-worker-9" daemon [_thread_blocked, id=20932, stack(0x0000000fcce00000,0x0000000fccf00000)]
  0x00000113efc11000 JavaThread "ForkJoinPool.commonPool-worker-11" daemon [_thread_blocked, id=11460, stack(0x0000000fccf00000,0x0000000fcd000000)]
  0x00000113efc2e000 JavaThread "ForkJoinPool.commonPool-worker-15" daemon [_thread_blocked, id=6600, stack(0x0000000fcd000000,0x0000000fcd100000)]
  0x00000113efc2c800 JavaThread "ForkJoinPool.commonPool-worker-13" daemon [_thread_blocked, id=6312, stack(0x0000000fcd100000,0x0000000fcd200000)]
  0x00000113efc2f000 JavaThread "UrlChecker-2" daemon [_thread_blocked, id=11276, stack(0x0000000fcd200000,0x0000000fcd300000)]
  0x00000113efc2b800 JavaThread "UrlChecker-4" daemon [_thread_blocked, id=9600, stack(0x0000000fcd300000,0x0000000fcd400000)]
  0x00000113efc2f800 JavaThread "UrlChecker-3" daemon [_thread_blocked, id=18800, stack(0x0000000fcd400000,0x0000000fcd500000)]
  0x00000113efc2b000 JavaThread "Exec Stream Pumper" daemon [_thread_in_native, id=14204, stack(0x0000000fcd500000,0x0000000fcd600000)]
  0x00000113efc2d800 JavaThread "Exec Stream Pumper" daemon [_thread_in_native, id=2640, stack(0x0000000fcd600000,0x0000000fcd700000)]
  0x00000113efc2a000 JavaThread "Exec Stream Pumper" daemon [_thread_in_native, id=11140, stack(0x0000000fcd700000,0x0000000fcd800000)]
  0x00000113efc36000 JavaThread "Exec Stream Pumper" daemon [_thread_in_native, id=21472, stack(0x0000000fcd800000,0x0000000fcd900000)]
  0x00000113efc34800 JavaThread "Exec Stream Pumper" daemon [_thread_in_native, id=20988, stack(0x0000000fcda00000,0x0000000fcdb00000)]
  0x00000113efc30800 JavaThread "Exec Stream Pumper" daemon [_thread_in_native, id=4344, stack(0x0000000fcdb00000,0x0000000fcdc00000)]
  0x00000113efc31800 JavaThread "AsyncHttpClient-1-2" daemon [_thread_in_native, id=22188, stack(0x0000000fcc100000,0x0000000fcc200000)]
  0x00000113efc32000 JavaThread "AsyncHttpClient-1-4" daemon [_thread_in_native, id=12324, stack(0x0000000fce100000,0x0000000fce200000)]
  0x00000113efc34000 JavaThread "AsyncHttpClient-1-3" daemon [_thread_in_native, id=22764, stack(0x0000000fce200000,0x0000000fce300000)]
  0x00000113efc38000 JavaThread "AsyncHttpClient-1-6" daemon [_thread_in_native, id=588, stack(0x0000000fce300000,0x0000000fce400000)]
  0x00000113efc38800 JavaThread "AsyncHttpClient-1-7" daemon [_thread_in_native, id=12524, stack(0x0000000fce400000,0x0000000fce500000)]
  0x00000113efc35800 JavaThread "AsyncHttpClient-1-5" daemon [_thread_in_native, id=12132, stack(0x0000000fce500000,0x0000000fce600000)]
  0x00000113efc33000 JavaThread "AsyncHttpClient-1-8" daemon [_thread_in_native, id=8888, stack(0x0000000fce600000,0x0000000fce700000)]
  0x00000113f0ce6000 JavaThread "AsyncHttpClient-1-10" daemon [_thread_in_native, id=14064, stack(0x0000000fce700000,0x0000000fce800000)]
  0x00000113f0ce5000 JavaThread "AsyncHttpClient-1-9" daemon [_thread_in_native, id=19164, stack(0x0000000fce800000,0x0000000fce900000)]
  0x00000113f0ac7000 JavaThread "C2 CompilerThread1" daemon [_thread_in_native, id=20772, stack(0x0000000fcc000000,0x0000000fcc100000)]

Other Threads:
  0x00000113ed86a000 VMThread "VM Thread" [stack: 0x0000000fcb200000,0x0000000fcb300000] [id=4704]
  0x00000113ee387800 WatcherThread [stack: 0x0000000fcbb00000,0x0000000fcbc00000] [id=3256]
  0x00000113ceb4c800 GCTaskThread "GC Thread#0" [stack: 0x0000000fcad00000,0x0000000fcae00000] [id=10024]
  0x00000113eeab3000 GCTaskThread "GC Thread#1" [stack: 0x0000000fcbd00000,0x0000000fcbe00000] [id=20512]
  0x00000113ef321800 GCTaskThread "GC Thread#2" [stack: 0x0000000fcbf00000,0x0000000fcc000000] [id=15600]
  0x00000113efc85800 GCTaskThread "GC Thread#3" [stack: 0x0000000fcdc00000,0x0000000fcdd00000] [id=17584]
  0x00000113efc87000 GCTaskThread "GC Thread#4" [stack: 0x0000000fcdd00000,0x0000000fcde00000] [id=23380]
  0x00000113efc88800 GCTaskThread "GC Thread#5" [stack: 0x0000000fcde00000,0x0000000fcdf00000] [id=17680]
  0x00000113efc89800 GCTaskThread "GC Thread#6" [stack: 0x0000000fcdf00000,0x0000000fce000000] [id=17592]
  0x00000113efc5b000 GCTaskThread "GC Thread#7" [stack: 0x0000000fce000000,0x0000000fce100000] [id=21136]
  0x00000113ceb7c000 ConcurrentGCThread "G1 Main Marker" [stack: 0x0000000fcae00000,0x0000000fcaf00000] [id=19264]
  0x00000113ceb7e800 ConcurrentGCThread "G1 Conc#0" [stack: 0x0000000fcaf00000,0x0000000fcb000000] [id=15096]
  0x00000113ef250000 ConcurrentGCThread "G1 Conc#1" [stack: 0x0000000fcc200000,0x0000000fcc300000] [id=10336]
  0x00000113ed6d0800 ConcurrentGCThread "G1 Refine#0" [stack: 0x0000000fcb000000,0x0000000fcb100000] [id=23184]
  0x00000113ed6d1000 ConcurrentGCThread "G1 Young RemSet Sampling" [stack: 0x0000000fcb100000,0x0000000fcb200000] [id=15188]

Threads with active compile tasks:
C2 CompilerThread0   8435 3048       4       freemarker.template.Template$LineTableBuilder::handleChar (202 bytes)
C1 CompilerThread0   8435 3176       3       io.netty.handler.codec.http.DefaultHttpHeaders$HeaderValueConverterAndValidator::convertObject (75 bytes)
C2 CompilerThread1   8435 3053       4       freemarker.core.FMParserTokenManager::jjCheckNAddStates (18 bytes)

VM state:not at safepoint (normal execution)

VM Mutex/Monitor currently owned by a thread:  ([mutex/lock_event])
[0x00000113ceb31f50] Compile_lock - owner thread: 0x0000000000000000
[0x00000113ceb32bb0] MethodData_lock - owner thread: 0x0000000000000000

Heap address: 0x0000000081c00000, size: 2020 MB, Compressed Oops mode: 32-bit
Narrow klass base: 0x0000000000000000, Narrow klass shift: 3
Compressed class space size: 1073741824 Address: 0x0000000100000000

Heap:
 garbage-first heap   total 131072K, used 80680K [0x0000000081c00000, 0x0000000100000000)
  region size 1024K, 19 young (19456K), 5 survivors (5120K)
 Metaspace       used 39631K, capacity 41185K, committed 41520K, reserved 1085440K
  class space    used 4863K, capacity 5440K, committed 5504K, reserved 1048576K
Heap Regions: E=young(eden), S=young(survivor), O=old, HS=humongous(starts), HC=humongous(continues), CS=collection set, F=free, A=archive, TAMS=top-at-mark-start (previous, next)
|   0|0x0000000081c00000, 0x0000000081d00000, 0x0000000081d00000|100%| O|  |TAMS 0x0000000081d00000, 0x0000000081c00000| Untracked 
|   1|0x0000000081d00000, 0x0000000081e00000, 0x0000000081e00000|100%| O|  |TAMS 0x0000000081e00000, 0x0000000081d00000| Untracked 
|   2|0x0000000081e00000, 0x0000000081f00000, 0x0000000081f00000|100%| O|  |TAMS 0x0000000081f00000, 0x0000000081e00000| Untracked 
|   3|0x0000000081f00000, 0x0000000082000000, 0x0000000082000000|100%| O|  |TAMS 0x0000000082000000, 0x0000000081f00000| Untracked 
|   4|0x0000000082000000, 0x0000000082100000, 0x0000000082100000|100%| O|  |TAMS 0x0000000082100000, 0x0000000082000000| Untracked 
|   5|0x0000000082100000, 0x0000000082200000, 0x0000000082200000|100%| O|  |TAMS 0x0000000082200000, 0x0000000082100000| Untracked 
|   6|0x0000000082200000, 0x0000000082300000, 0x0000000082300000|100%|HS|  |TAMS 0x0000000082300000, 0x0000000082200000| Complete 
|   7|0x0000000082300000, 0x0000000082400000, 0x0000000082400000|100%|HC|  |TAMS 0x0000000082400000, 0x0000000082300000| Complete 
|   8|0x0000000082400000, 0x0000000082500000, 0x0000000082500000|100%|HC|  |TAMS 0x0000000082500000, 0x0000000082400000| Complete 
|   9|0x0000000082500000, 0x0000000082600000, 0x0000000082600000|100%|HC|  |TAMS 0x0000000082600000, 0x0000000082500000| Complete 
|  10|0x0000000082600000, 0x0000000082700000, 0x0000000082700000|100%|HC|  |TAMS 0x0000000082700000, 0x0000000082600000| Complete 
|  11|0x0000000082700000, 0x0000000082800000, 0x0000000082800000|100%|HC|  |TAMS 0x0000000082800000, 0x0000000082700000| Complete 
|  12|0x0000000082800000, 0x0000000082900000, 0x0000000082900000|100%|HC|  |TAMS 0x0000000082900000, 0x0000000082800000| Complete 
|  13|0x0000000082900000, 0x0000000082a00000, 0x0000000082a00000|100%|HC|  |TAMS 0x0000000082a00000, 0x0000000082900000| Complete 
|  14|0x0000000082a00000, 0x0000000082b00000, 0x0000000082b00000|100%|HC|  |TAMS 0x0000000082b00000, 0x0000000082a00000| Complete 
|  15|0x0000000082b00000, 0x0000000082c00000, 0x0000000082c00000|100%|HC|  |TAMS 0x0000000082c00000, 0x0000000082b00000| Complete 
|  16|0x0000000082c00000, 0x0000000082d00000, 0x0000000082d00000|100%|HC|  |TAMS 0x0000000082d00000, 0x0000000082c00000| Complete 
|  17|0x0000000082d00000, 0x0000000082e00000, 0x0000000082e00000|100%|HC|  |TAMS 0x0000000082e00000, 0x0000000082d00000| Complete 
|  18|0x0000000082e00000, 0x0000000082f00000, 0x0000000082f00000|100%|HC|  |TAMS 0x0000000082f00000, 0x0000000082e00000| Complete 
|  19|0x0000000082f00000, 0x0000000083000000, 0x0000000083000000|100%|HC|  |TAMS 0x0000000083000000, 0x0000000082f00000| Complete 
|  20|0x0000000083000000, 0x0000000083100000, 0x0000000083100000|100%|HC|  |TAMS 0x0000000083100000, 0x0000000083000000| Complete 
|  21|0x0000000083100000, 0x0000000083200000, 0x0000000083200000|100%|HC|  |TAMS 0x0000000083200000, 0x0000000083100000| Complete 
|  22|0x0000000083200000, 0x0000000083300000, 0x0000000083300000|100%|HC|  |TAMS 0x0000000083300000, 0x0000000083200000| Complete 
|  23|0x0000000083300000, 0x0000000083400000, 0x0000000083400000|100%|HS|  |TAMS 0x0000000083400000, 0x0000000083300000| Complete 
|  24|0x0000000083400000, 0x0000000083500000, 0x0000000083500000|100%|HC|  |TAMS 0x0000000083500000, 0x0000000083400000| Complete 
|  25|0x0000000083500000, 0x0000000083600000, 0x0000000083600000|100%|HC|  |TAMS 0x0000000083600000, 0x0000000083500000| Complete 
|  26|0x0000000083600000, 0x0000000083700000, 0x0000000083700000|100%|HC|  |TAMS 0x0000000083700000, 0x0000000083600000| Complete 
|  27|0x0000000083700000, 0x0000000083800000, 0x0000000083800000|100%|HC|  |TAMS 0x0000000083800000, 0x0000000083700000| Complete 
|  28|0x0000000083800000, 0x0000000083900000, 0x0000000083900000|100%|HC|  |TAMS 0x0000000083900000, 0x0000000083800000| Complete 
|  29|0x0000000083900000, 0x0000000083a00000, 0x0000000083a00000|100%|HC|  |TAMS 0x0000000083a00000, 0x0000000083900000| Complete 
|  30|0x0000000083a00000, 0x0000000083b00000, 0x0000000083b00000|100%|HC|  |TAMS 0x0000000083b00000, 0x0000000083a00000| Complete 
|  31|0x0000000083b00000, 0x0000000083c00000, 0x0000000083c00000|100%|HC|  |TAMS 0x0000000083c00000, 0x0000000083b00000| Complete 
|  32|0x0000000083c00000, 0x0000000083d00000, 0x0000000083d00000|100%|HC|  |TAMS 0x0000000083d00000, 0x0000000083c00000| Complete 
|  33|0x0000000083d00000, 0x0000000083e00000, 0x0000000083e00000|100%|HC|  |TAMS 0x0000000083e00000, 0x0000000083d00000| Complete 
|  34|0x0000000083e00000, 0x0000000083f00000, 0x0000000083f00000|100%|HC|  |TAMS 0x0000000083f00000, 0x0000000083e00000| Complete 
|  35|0x0000000083f00000, 0x0000000084000000, 0x0000000084000000|100%|HC|  |TAMS 0x0000000084000000, 0x0000000083f00000| Complete 
|  36|0x0000000084000000, 0x0000000084100000, 0x0000000084100000|100%|HC|  |TAMS 0x0000000084100000, 0x0000000084000000| Complete 
|  37|0x0000000084100000, 0x0000000084200000, 0x0000000084200000|100%|HC|  |TAMS 0x0000000084200000, 0x0000000084100000| Complete 
|  38|0x0000000084200000, 0x0000000084300000, 0x0000000084300000|100%|HC|  |TAMS 0x0000000084300000, 0x0000000084200000| Complete 
|  39|0x0000000084300000, 0x0000000084400000, 0x0000000084400000|100%|HC|  |TAMS 0x0000000084400000, 0x0000000084300000| Complete 
|  40|0x0000000084400000, 0x0000000084500000, 0x0000000084500000|100%|HS|  |TAMS 0x0000000084500000, 0x0000000084400000| Complete 
|  41|0x0000000084500000, 0x0000000084600000, 0x0000000084600000|100%|HC|  |TAMS 0x0000000084600000, 0x0000000084500000| Complete 
|  42|0x0000000084600000, 0x0000000084700000, 0x0000000084700000|100%|HC|  |TAMS 0x0000000084700000, 0x0000000084600000| Complete 
|  43|0x0000000084700000, 0x0000000084800000, 0x0000000084800000|100%|HC|  |TAMS 0x0000000084800000, 0x0000000084700000| Complete 
|  44|0x0000000084800000, 0x0000000084900000, 0x0000000084900000|100%|HC|  |TAMS 0x0000000084900000, 0x0000000084800000| Complete 
|  45|0x0000000084900000, 0x0000000084a00000, 0x0000000084a00000|100%|HC|  |TAMS 0x0000000084a00000, 0x0000000084900000| Complete 
|  46|0x0000000084a00000, 0x0000000084b00000, 0x0000000084b00000|100%|HC|  |TAMS 0x0000000084b00000, 0x0000000084a00000| Complete 
|  47|0x0000000084b00000, 0x0000000084c00000, 0x0000000084c00000|100%|HC|  |TAMS 0x0000000084c00000, 0x0000000084b00000| Complete 
|  48|0x0000000084c00000, 0x0000000084d00000, 0x0000000084d00000|100%|HC|  |TAMS 0x0000000084d00000, 0x0000000084c00000| Complete 
|  49|0x0000000084d00000, 0x0000000084e00000, 0x0000000084e00000|100%|HC|  |TAMS 0x0000000084e00000, 0x0000000084d00000| Complete 
|  50|0x0000000084e00000, 0x0000000084f00000, 0x0000000084f00000|100%|HC|  |TAMS 0x0000000084f00000, 0x0000000084e00000| Complete 
|  51|0x0000000084f00000, 0x0000000085000000, 0x0000000085000000|100%|HC|  |TAMS 0x0000000085000000, 0x0000000084f00000| Complete 
|  52|0x0000000085000000, 0x0000000085100000, 0x0000000085100000|100%|HC|  |TAMS 0x0000000085100000, 0x0000000085000000| Complete 
|  53|0x0000000085100000, 0x0000000085200000, 0x0000000085200000|100%|HC|  |TAMS 0x0000000085200000, 0x0000000085100000| Complete 
|  54|0x0000000085200000, 0x0000000085300000, 0x0000000085300000|100%|HC|  |TAMS 0x0000000085300000, 0x0000000085200000| Complete 
|  55|0x0000000085300000, 0x0000000085400000, 0x0000000085400000|100%|HC|  |TAMS 0x0000000085400000, 0x0000000085300000| Complete 
|  56|0x0000000085400000, 0x0000000085500000, 0x0000000085500000|100%|HC|  |TAMS 0x0000000085500000, 0x0000000085400000| Complete 
|  57|0x0000000085500000, 0x0000000085600000, 0x0000000085600000|100%| O|  |TAMS 0x0000000085600000, 0x0000000085500000| Untracked 
|  58|0x0000000085600000, 0x0000000085700000, 0x0000000085700000|100%| O|  |TAMS 0x0000000085614e00, 0x0000000085600000| Untracked 
|  59|0x0000000085700000, 0x0000000085800000, 0x0000000085800000|100%| O|  |TAMS 0x0000000085700000, 0x0000000085700000| Untracked 
|  60|0x0000000085800000, 0x0000000085900000, 0x0000000085900000|100%| O|  |TAMS 0x0000000085800000, 0x0000000085800000| Untracked 
|  61|0x0000000085900000, 0x00000000859ac200, 0x0000000085a00000| 67%| O|  |TAMS 0x0000000085900000, 0x0000000085900000| Untracked 
|  62|0x0000000085a00000, 0x0000000085a00000, 0x0000000085b00000|  0%| F|  |TAMS 0x0000000085a00000, 0x0000000085a00000| Untracked 
|  63|0x0000000085b00000, 0x0000000085b00000, 0x0000000085c00000|  0%| F|  |TAMS 0x0000000085b00000, 0x0000000085b00000| Untracked 
|  64|0x0000000085c00000, 0x0000000085c00000, 0x0000000085d00000|  0%| F|  |TAMS 0x0000000085c00000, 0x0000000085c00000| Untracked 
|  65|0x0000000085d00000, 0x0000000085d00000, 0x0000000085e00000|  0%| F|  |TAMS 0x0000000085d00000, 0x0000000085d00000| Untracked 
|  66|0x0000000085e00000, 0x0000000085e00000, 0x0000000085f00000|  0%| F|  |TAMS 0x0000000085e00000, 0x0000000085e00000| Untracked 
|  67|0x0000000085f00000, 0x0000000085f00000, 0x0000000086000000|  0%| F|  |TAMS 0x0000000085f00000, 0x0000000085f00000| Untracked 
|  68|0x0000000086000000, 0x0000000086000000, 0x0000000086100000|  0%| F|  |TAMS 0x0000000086000000, 0x0000000086000000| Untracked 
|  69|0x0000000086100000, 0x0000000086100000, 0x0000000086200000|  0%| F|  |TAMS 0x0000000086100000, 0x0000000086100000| Untracked 
|  70|0x0000000086200000, 0x0000000086200000, 0x0000000086300000|  0%| F|  |TAMS 0x0000000086200000, 0x0000000086200000| Untracked 
|  71|0x0000000086300000, 0x0000000086300000, 0x0000000086400000|  0%| F|  |TAMS 0x0000000086300000, 0x0000000086300000| Untracked 
|  72|0x0000000086400000, 0x0000000086400000, 0x0000000086500000|  0%| F|  |TAMS 0x0000000086400000, 0x0000000086400000| Untracked 
|  73|0x0000000086500000, 0x0000000086500000, 0x0000000086600000|  0%| F|  |TAMS 0x0000000086500000, 0x0000000086500000| Untracked 
|  74|0x0000000086600000, 0x0000000086600000, 0x0000000086700000|  0%| F|  |TAMS 0x0000000086600000, 0x0000000086600000| Untracked 
|  75|0x0000000086700000, 0x0000000086700000, 0x0000000086800000|  0%| F|  |TAMS 0x0000000086700000, 0x0000000086700000| Untracked 
|  76|0x0000000086800000, 0x0000000086800000, 0x0000000086900000|  0%| F|  |TAMS 0x0000000086800000, 0x0000000086800000| Untracked 
|  77|0x0000000086900000, 0x0000000086900000, 0x0000000086a00000|  0%| F|  |TAMS 0x0000000086900000, 0x0000000086900000| Untracked 
|  78|0x0000000086a00000, 0x0000000086a00000, 0x0000000086b00000|  0%| F|  |TAMS 0x0000000086a00000, 0x0000000086a00000| Untracked 
|  79|0x0000000086b00000, 0x0000000086b1dfe8, 0x0000000086c00000| 11%| S|CS|TAMS 0x0000000086b00000, 0x0000000086b00000| Complete 
|  80|0x0000000086c00000, 0x0000000086d00000, 0x0000000086d00000|100%| S|CS|TAMS 0x0000000086c00000, 0x0000000086c00000| Complete 
|  81|0x0000000086d00000, 0x0000000086e00000, 0x0000000086e00000|100%| S|CS|TAMS 0x0000000086d00000, 0x0000000086d00000| Complete 
|  82|0x0000000086e00000, 0x0000000086f00000, 0x0000000086f00000|100%| S|CS|TAMS 0x0000000086e00000, 0x0000000086e00000| Complete 
|  83|0x0000000086f00000, 0x0000000087000000, 0x0000000087000000|100%| S|CS|TAMS 0x0000000086f00000, 0x0000000086f00000| Complete 
|  84|0x0000000087000000, 0x0000000087000000, 0x0000000087100000|  0%| F|  |TAMS 0x0000000087000000, 0x0000000087000000| Untracked 
|  85|0x0000000087100000, 0x0000000087100000, 0x0000000087200000|  0%| F|  |TAMS 0x0000000087100000, 0x0000000087100000| Untracked 
|  86|0x0000000087200000, 0x0000000087200000, 0x0000000087300000|  0%| F|  |TAMS 0x0000000087200000, 0x0000000087200000| Untracked 
|  87|0x0000000087300000, 0x0000000087300000, 0x0000000087400000|  0%| F|  |TAMS 0x0000000087300000, 0x0000000087300000| Untracked 
|  88|0x0000000087400000, 0x0000000087400000, 0x0000000087500000|  0%| F|  |TAMS 0x0000000087400000, 0x0000000087400000| Untracked 
|  89|0x0000000087500000, 0x0000000087500000, 0x0000000087600000|  0%| F|  |TAMS 0x0000000087500000, 0x0000000087500000| Untracked 
|  90|0x0000000087600000, 0x0000000087600000, 0x0000000087700000|  0%| F|  |TAMS 0x0000000087600000, 0x0000000087600000| Untracked 
|  91|0x0000000087700000, 0x0000000087700000, 0x0000000087800000|  0%| F|  |TAMS 0x0000000087700000, 0x0000000087700000| Untracked 
|  92|0x0000000087800000, 0x0000000087800000, 0x0000000087900000|  0%| F|  |TAMS 0x0000000087800000, 0x0000000087800000| Untracked 
|  93|0x0000000087900000, 0x0000000087900000, 0x0000000087a00000|  0%| F|  |TAMS 0x0000000087900000, 0x0000000087900000| Untracked 
|  94|0x0000000087a00000, 0x0000000087a00000, 0x0000000087b00000|  0%| F|  |TAMS 0x0000000087a00000, 0x0000000087a00000| Untracked 
|  95|0x0000000087b00000, 0x0000000087b00000, 0x0000000087c00000|  0%| F|  |TAMS 0x0000000087b00000, 0x0000000087b00000| Untracked 
|  96|0x0000000087c00000, 0x0000000087c00000, 0x0000000087d00000|  0%| F|  |TAMS 0x0000000087c00000, 0x0000000087c00000| Untracked 
|  97|0x0000000087d00000, 0x0000000087d00000, 0x0000000087e00000|  0%| F|  |TAMS 0x0000000087d00000, 0x0000000087d00000| Untracked 
|  98|0x0000000087e00000, 0x0000000087e00000, 0x0000000087f00000|  0%| F|  |TAMS 0x0000000087e00000, 0x0000000087e00000| Untracked 
|  99|0x0000000087f00000, 0x0000000087f00000, 0x0000000088000000|  0%| F|  |TAMS 0x0000000087f00000, 0x0000000087f00000| Untracked 
| 100|0x0000000088000000, 0x0000000088000000, 0x0000000088100000|  0%| F|  |TAMS 0x0000000088000000, 0x0000000088000000| Untracked 
| 101|0x0000000088100000, 0x0000000088100000, 0x0000000088200000|  0%| F|  |TAMS 0x0000000088100000, 0x0000000088100000| Untracked 
| 102|0x0000000088200000, 0x0000000088200000, 0x0000000088300000|  0%| F|  |TAMS 0x0000000088200000, 0x0000000088200000| Untracked 
| 103|0x0000000088300000, 0x0000000088300000, 0x0000000088400000|  0%| F|  |TAMS 0x0000000088300000, 0x0000000088300000| Untracked 
| 104|0x0000000088400000, 0x0000000088400000, 0x0000000088500000|  0%| F|  |TAMS 0x0000000088400000, 0x0000000088400000| Untracked 
| 105|0x0000000088500000, 0x0000000088500000, 0x0000000088600000|  0%| F|  |TAMS 0x0000000088500000, 0x0000000088500000| Untracked 
| 106|0x0000000088600000, 0x0000000088600000, 0x0000000088700000|  0%| F|  |TAMS 0x0000000088600000, 0x0000000088600000| Untracked 
| 107|0x0000000088700000, 0x0000000088700000, 0x0000000088800000|  0%| F|  |TAMS 0x0000000088700000, 0x0000000088700000| Untracked 
| 108|0x0000000088800000, 0x0000000088800000, 0x0000000088900000|  0%| F|  |TAMS 0x0000000088800000, 0x0000000088800000| Untracked 
| 109|0x0000000088900000, 0x0000000088900000, 0x0000000088a00000|  0%| F|  |TAMS 0x0000000088900000, 0x0000000088900000| Untracked 
| 110|0x0000000088a00000, 0x0000000088a00000, 0x0000000088b00000|  0%| F|  |TAMS 0x0000000088a00000, 0x0000000088a00000| Untracked 
| 111|0x0000000088b00000, 0x0000000088b00000, 0x0000000088c00000|  0%| F|  |TAMS 0x0000000088b00000, 0x0000000088b00000| Untracked 
| 112|0x0000000088c00000, 0x0000000088c00000, 0x0000000088d00000|  0%| F|  |TAMS 0x0000000088c00000, 0x0000000088c00000| Untracked 
| 113|0x0000000088d00000, 0x0000000088d00000, 0x0000000088e00000|  0%| F|  |TAMS 0x0000000088d00000, 0x0000000088d00000| Untracked 
| 114|0x0000000088e00000, 0x0000000088e43fa8, 0x0000000088f00000| 26%| E|  |TAMS 0x0000000088e00000, 0x0000000088e00000| Complete 
| 115|0x0000000088f00000, 0x0000000089000000, 0x0000000089000000|100%| E|CS|TAMS 0x0000000088f00000, 0x0000000088f00000| Complete 
| 116|0x0000000089000000, 0x0000000089100000, 0x0000000089100000|100%| E|CS|TAMS 0x0000000089000000, 0x0000000089000000| Complete 
| 117|0x0000000089100000, 0x0000000089200000, 0x0000000089200000|100%| E|CS|TAMS 0x0000000089100000, 0x0000000089100000| Complete 
| 118|0x0000000089200000, 0x0000000089300000, 0x0000000089300000|100%| E|CS|TAMS 0x0000000089200000, 0x0000000089200000| Complete 
| 119|0x0000000089300000, 0x0000000089400000, 0x0000000089400000|100%| E|CS|TAMS 0x0000000089300000, 0x0000000089300000| Complete 
| 120|0x0000000089400000, 0x0000000089500000, 0x0000000089500000|100%| E|CS|TAMS 0x0000000089400000, 0x0000000089400000| Complete 
| 121|0x0000000089500000, 0x0000000089600000, 0x0000000089600000|100%| E|CS|TAMS 0x0000000089500000, 0x0000000089500000| Complete 
| 122|0x0000000089600000, 0x0000000089700000, 0x0000000089700000|100%| E|CS|TAMS 0x0000000089600000, 0x0000000089600000| Complete 
| 123|0x0000000089700000, 0x0000000089800000, 0x0000000089800000|100%| E|CS|TAMS 0x0000000089700000, 0x0000000089700000| Complete 
| 124|0x0000000089800000, 0x0000000089900000, 0x0000000089900000|100%| E|CS|TAMS 0x0000000089800000, 0x0000000089800000| Complete 
| 125|0x0000000089900000, 0x0000000089a00000, 0x0000000089a00000|100%| E|CS|TAMS 0x0000000089900000, 0x0000000089900000| Complete 
| 126|0x0000000089a00000, 0x0000000089b00000, 0x0000000089b00000|100%| E|CS|TAMS 0x0000000089a00000, 0x0000000089a00000| Complete 
| 127|0x0000000089b00000, 0x0000000089c00000, 0x0000000089c00000|100%| E|CS|TAMS 0x0000000089b00000, 0x0000000089b00000| Complete 

Card table byte_map: [0x00000113e6720000,0x00000113e6b20000] _byte_map_base: 0x00000113e6312000

Marking Bits (Prev, Next): (CMBitMap*) 0x00000113ceb73328, (CMBitMap*) 0x00000113ceb73360
 Prev Bits: [0x00000113e6f20000, 0x00000113e8eb0000)
 Next Bits: [0x00000113e8eb0000, 0x00000113eae40000)

Polling page: 0x00000113ce320000

Metaspace:

Usage:
  Non-class:     34.91 MB capacity,    33.97 MB ( 97%) used,   798.98 KB (  2%) free+waste,   164.44 KB ( <1%) overhead. 
      Class:      5.31 MB capacity,     4.75 MB ( 89%) used,   493.25 KB (  9%) free+waste,    82.81 KB (  2%) overhead. 
       Both:     40.22 MB capacity,    38.72 MB ( 96%) used,     1.26 MB (  3%) free+waste,   247.25 KB ( <1%) overhead. 

Virtual space:
  Non-class space:       36.00 MB reserved,      35.17 MB ( 98%) committed 
      Class space:        1.00 GB reserved,       5.38 MB ( <1%) committed 
             Both:        1.04 GB reserved,      40.55 MB (  4%) committed 

Chunk freelists:
   Non-Class:  9.88 KB
       Class:  0 bytes
        Both:  9.88 KB

CodeHeap 'non-profiled nmethods': size=120000Kb used=1416Kb max_used=1416Kb free=118583Kb
 bounds [0x00000113deac0000, 0x00000113ded30000, 0x00000113e5ff0000]
CodeHeap 'profiled nmethods': size=120000Kb used=6356Kb max_used=6356Kb free=113643Kb
 bounds [0x00000113d7590000, 0x00000113d7bd0000, 0x00000113deac0000]
CodeHeap 'non-nmethods': size=5760Kb used=1237Kb max_used=1277Kb free=4523Kb
 bounds [0x00000113d6ff0000, 0x00000113d7260000, 0x00000113d7590000]
 total_blobs=3780 nmethods=3172 adapters=518
 compilation: enabled
              stopped_count=0, restarted_count=0
 full_count=0

Compilation events (10 events):
Event: 8.311 Thread 0x00000113ed8ad000 nmethod 3018 0x00000113dec19990 code [0x00000113dec19b20, 0x00000113dec19b98]
Event: 8.315 Thread 0x00000113ed8ad000 3032       4       java.lang.Class::getPackageName (81 bytes)
Event: 8.332 Thread 0x00000113ed8ad000 nmethod 3032 0x00000113dec19c90 code [0x00000113dec19e60, 0x00000113dec1a658]
Event: 8.332 Thread 0x00000113ed8ad000 3039       4       java.lang.AbstractStringBuilder::appendChars (130 bytes)
Event: 8.338 Thread 0x00000113ed8ad000 nmethod 3039 0x00000113dec1aa90 code [0x00000113dec1ac20, 0x00000113dec1aef8]
Event: 8.338 Thread 0x00000113ed8ad000 3048       4       freemarker.template.Template$LineTableBuilder::handleChar (202 bytes)
Event: 8.350 Thread 0x00000113ed8af800 nmethod 3030 0x00000113d7b4a690 code [0x00000113d7b4da40, 0x00000113d7b66648]
Event: 8.350 Thread 0x00000113ed8af800 3034       3       java.lang.StringBuilder::toString (35 bytes)
Event: 8.351 Thread 0x00000113ed8af800 nmethod 3034 0x00000113d7b70410 code [0x00000113d7b70600, 0x00000113d7b70a98]
Event: 8.351 Thread 0x00000113ed8af800 3033   !   3       freemarker.core.FMParserTokenManager::jjMoveNfa_2 (4938 bytes)

GC Heap History (10 events):
Event: 0.692 GC heap before
{Heap before GC invocations=0 (full 0):
 garbage-first heap   total 131072K, used 24576K [0x0000000081c00000, 0x0000000100000000)
  region size 1024K, 24 young (24576K), 0 survivors (0K)
 Metaspace       used 12723K, capacity 12868K, committed 13184K, reserved 1060864K
  class space    used 1254K, capacity 1320K, committed 1408K, reserved 1048576K
}
Event: 0.696 GC heap after
{Heap after GC invocations=1 (full 0):
 garbage-first heap   total 131072K, used 5619K [0x0000000081c00000, 0x0000000100000000)
  region size 1024K, 3 young (3072K), 3 survivors (3072K)
 Metaspace       used 12723K, capacity 12868K, committed 13184K, reserved 1060864K
  class space    used 1254K, capacity 1320K, committed 1408K, reserved 1048576K
}
Event: 1.304 GC heap before
{Heap before GC invocations=1 (full 0):
 garbage-first heap   total 131072K, used 65011K [0x0000000081c00000, 0x0000000100000000)
  region size 1024K, 62 young (63488K), 3 survivors (3072K)
 Metaspace       used 20786K, capacity 21186K, committed 21296K, reserved 1069056K
  class space    used 2241K, capacity 2406K, committed 2432K, reserved 1048576K
}
Event: 1.309 GC heap after
{Heap after GC invocations=2 (full 0):
 garbage-first heap   total 131072K, used 7655K [0x0000000081c00000, 0x0000000100000000)
  region size 1024K, 5 young (5120K), 5 survivors (5120K)
 Metaspace       used 20786K, capacity 21186K, committed 21296K, reserved 1069056K
  class space    used 2241K, capacity 2406K, committed 2432K, reserved 1048576K
}
Event: 2.098 GC heap before
{Heap before GC invocations=3 (full 0):
 garbage-first heap   total 131072K, used 67047K [0x0000000081c00000, 0x0000000100000000)
  region size 1024K, 63 young (64512K), 5 survivors (5120K)
 Metaspace       used 29504K, capacity 30082K, committed 30384K, reserved 1077248K
  class space    used 3299K, capacity 3518K, committed 3584K, reserved 1048576K
}
Event: 2.104 GC heap after
{Heap after GC invocations=4 (full 0):
 garbage-first heap   total 131072K, used 11237K [0x0000000081c00000, 0x0000000100000000)
  region size 1024K, 6 young (6144K), 6 survivors (6144K)
 Metaspace       used 29504K, capacity 30082K, committed 30384K, reserved 1077248K
  class space    used 3299K, capacity 3518K, committed 3584K, reserved 1048576K
}
Event: 4.755 GC heap before
{Heap before GC invocations=4 (full 0):
 garbage-first heap   total 131072K, used 97253K [0x0000000081c00000, 0x0000000100000000)
  region size 1024K, 40 young (40960K), 6 survivors (6144K)
 Metaspace       used 34578K, capacity 35789K, committed 35888K, reserved 1081344K
  class space    used 4170K, capacity 4675K, committed 4736K, reserved 1048576K
}
Event: 4.760 GC heap after
{Heap after GC invocations=5 (full 0):
 garbage-first heap   total 131072K, used 64926K [0x0000000081c00000, 0x0000000100000000)
  region size 1024K, 6 young (6144K), 6 survivors (6144K)
 Metaspace       used 34578K, capacity 35789K, committed 35888K, reserved 1081344K
  class space    used 4170K, capacity 4675K, committed 4736K, reserved 1048576K
}
Event: 8.199 GC heap before
{Heap before GC invocations=6 (full 0):
 garbage-first heap   total 131072K, used 103838K [0x0000000081c00000, 0x0000000100000000)
  region size 1024K, 44 young (45056K), 6 survivors (6144K)
 Metaspace       used 38844K, capacity 40331K, committed 40496K, reserved 1085440K
  class space    used 4797K, capacity 5398K, committed 5504K, reserved 1048576K
}
Event: 8.203 GC heap after
{Heap after GC invocations=7 (full 0):
 garbage-first heap   total 131072K, used 67368K [0x0000000081c00000, 0x0000000100000000)
  region size 1024K, 5 young (5120K), 5 survivors (5120K)
 Metaspace       used 38844K, capacity 40331K, committed 40496K, reserved 1085440K
  class space    used 4797K, capacity 5398K, committed 5504K, reserved 1048576K
}

Deoptimization events (10 events):
Event: 8.237 Thread 0x00000113ef95f800 Uncommon trap: reason=unstable_if action=reinterpret pc=0x00000113deae34ec method=java.lang.String.getBytes([BIB)V @ 5 c2
Event: 8.237 Thread 0x00000113ef95f800 Uncommon trap: reason=unstable_if action=reinterpret pc=0x00000113deb00628 method=java.lang.StringBuilder.toString()Ljava/lang/String; @ 4 c2
Event: 8.253 Thread 0x00000113ef95f800 Uncommon trap: reason=unstable_if action=reinterpret pc=0x00000113debcd464 method=java.lang.StringUTF16.compress([CII)[B @ 13 c2
Event: 8.254 Thread 0x00000113ef95f800 Uncommon trap: reason=unstable_if action=reinterpret pc=0x00000113deac8e54 method=java.lang.StringLatin1.canEncode(I)Z @ 4 c2
Event: 8.256 Thread 0x00000113ef95f800 Uncommon trap: reason=unstable_if action=reinterpret pc=0x00000113deae8818 method=java.lang.String.substring(II)Ljava/lang/String; @ 31 c2
Event: 8.256 Thread 0x00000113ef95f800 Uncommon trap: reason=unstable_if action=reinterpret pc=0x00000113deb453c8 method=java.lang.StringUTF16.compress([CII)[B @ 13 c2
Event: 8.258 Thread 0x00000113ef95f800 Uncommon trap: reason=unstable_if action=reinterpret pc=0x00000113deadc6c8 method=java.lang.String.equals(Ljava/lang/Object;)Z @ 34 c2
Event: 8.358 Thread 0x00000113ef95f800 Uncommon trap: reason=class_check action=maybe_recompile pc=0x00000113debf2fec method=jdk.internal.loader.BuiltinClassLoader.loadClassOrNull(Ljava/lang/String;Z)Ljava/lang/Class; @ 66 c2
Event: 8.359 Thread 0x00000113ef95f800 Uncommon trap: reason=class_check action=maybe_recompile pc=0x00000113debf2fec method=jdk.internal.loader.BuiltinClassLoader.loadClassOrNull(Ljava/lang/String;Z)Ljava/lang/Class; @ 66 c2
Event: 8.360 Thread 0x00000113ef95f800 Uncommon trap: reason=class_check action=maybe_recompile pc=0x00000113debf2fec method=jdk.internal.loader.BuiltinClassLoader.loadClassOrNull(Ljava/lang/String;Z)Ljava/lang/Class; @ 66 c2

Classes redefined (0 events):
No events

Internal exceptions (10 events):
Event: 8.219 Thread 0x00000113ef95f800 Exception <a 'java/lang/ClassNotFoundException'{0x0000000089af6358}: com/aventstack/extentreports/reporter/configuration/ThemeBeanInfo> (0x0000000089af6358) thrown at [./open/src/hotspot/share/classfile/systemDictionary.cpp, line 228]
Event: 8.220 Thread 0x00000113ef95f800 Exception <a 'java/lang/ClassNotFoundException'{0x0000000089910378}: com/aventstack/extentreports/reporter/configuration/ThemeCustomizer> (0x0000000089910378) thrown at [./open/src/hotspot/share/classfile/systemDictionary.cpp, line 228]
Event: 8.224 Thread 0x00000113ef95f800 Exception <a 'java/lang/ClassNotFoundException'{0x00000000899312b8}: com/aventstack/extentreports/model/ReportBeanInfo> (0x00000000899312b8) thrown at [./open/src/hotspot/share/classfile/systemDictionary.cpp, line 228]
Event: 8.224 Thread 0x00000113ef95f800 Exception <a 'java/lang/ClassNotFoundException'{0x0000000089947c10}: com/aventstack/extentreports/model/ReportCustomizer> (0x0000000089947c10) thrown at [./open/src/hotspot/share/classfile/systemDictionary.cpp, line 228]
Event: 8.228 Thread 0x00000113ef95f800 Exception <a 'java/lang/ClassNotFoundException'{0x000000008997c850}: com/aventstack/extentreports/model/ReportStatsBeanInfo> (0x000000008997c850) thrown at [./open/src/hotspot/share/classfile/systemDictionary.cpp, line 228]
Event: 8.228 Thread 0x00000113ef95f800 Exception <a 'java/lang/ClassNotFoundException'{0x0000000089993e60}: com/aventstack/extentreports/model/ReportStatsCustomizer> (0x0000000089993e60) thrown at [./open/src/hotspot/share/classfile/systemDictionary.cpp, line 228]
Event: 8.231 Thread 0x00000113ef95f800 Exception <a 'java/lang/ClassNotFoundException'{0x00000000899c00f8}: com/aventstack/extentreports/AnalysisStrategyBeanInfo> (0x00000000899c00f8) thrown at [./open/src/hotspot/share/classfile/systemDictionary.cpp, line 228]
Event: 8.232 Thread 0x00000113ef95f800 Exception <a 'java/lang/ClassNotFoundException'{0x00000000899d6e20}: com/aventstack/extentreports/AnalysisStrategyCustomizer> (0x00000000899d6e20) thrown at [./open/src/hotspot/share/classfile/systemDictionary.cpp, line 228]
Event: 8.284 Thread 0x00000113ef95f800 Exception <a 'java/lang/NoSuchMethodError'{0x00000000898ad068}: java.lang.invoke.DirectMethodHandle$Holder.invokeSpecial(Ljava/lang/Object;Ljava/lang/Object;)J> (0x00000000898ad068) thrown at [./open/src/hotspot/share/interpreter/linkResolver.cpp, line 77
Event: 8.291 Thread 0x00000113ef95f800 Exception <a 'java/lang/NoSuchMethodError'{0x00000000898b2c78}: java.lang.invoke.DirectMethodHandle$Holder.invokeStatic(Ljava/lang/Object;JJ)J> (0x00000000898b2c78) thrown at [./open/src/hotspot/share/interpreter/linkResolver.cpp, line 772]

Events (10 events):
Event: 8.361 loading class freemarker/core/TemplateDateFormat
Event: 8.361 loading class freemarker/core/TemplateDateFormat done
Event: 8.361 loading class freemarker/core/JavaTemplateDateFormat
Event: 8.361 loading class freemarker/core/JavaTemplateDateFormat done
Event: 8.362 loading class freemarker/core/UnparsableValueException
Event: 8.362 loading class freemarker/core/UnparsableValueException done
Event: 8.362 loading class freemarker/core/JavaTemplateDateFormatFactory$CacheKey
Event: 8.362 loading class freemarker/core/JavaTemplateDateFormatFactory$CacheKey done
Event: 8.362 loading class sun/util/locale/provider/DateFormatProviderImpl
Event: 8.363 loading class sun/util/locale/provider/DateFormatProviderImpl done


Dynamic libraries:
0x00007ff717af0000 - 0x00007ff717aff000 	C:\Program Files\Java\jdk-11.0.11\bin\java.exe
0x00007ffaddad0000 - 0x00007ffaddcc5000 	C:\WINDOWS\SYSTEM32\ntdll.dll
0x00007ffadd010000 - 0x00007ffadd0cd000 	C:\WINDOWS\System32\KERNEL32.DLL
0x00007ffadb500000 - 0x00007ffadb7c8000 	C:\WINDOWS\System32\KERNELBASE.dll
0x00007ffadb940000 - 0x00007ffadba40000 	C:\WINDOWS\System32\ucrtbase.dll
0x00007fface360000 - 0x00007fface375000 	C:\Program Files\Java\jdk-11.0.11\bin\VCRUNTIME140.dll
0x00007ffaceec0000 - 0x00007ffaceed8000 	C:\Program Files\Java\jdk-11.0.11\bin\jli.dll
0x00007ffadca70000 - 0x00007ffadcb1c000 	C:\WINDOWS\System32\ADVAPI32.dll
0x00007ffadcf10000 - 0x00007ffadcfae000 	C:\WINDOWS\System32\msvcrt.dll
0x00007ffadce50000 - 0x00007ffadceeb000 	C:\WINDOWS\System32\sechost.dll
0x00007ffadcc40000 - 0x00007ffadcd6b000 	C:\WINDOWS\System32\RPCRT4.dll
0x00007ffadc0b0000 - 0x00007ffadc250000 	C:\WINDOWS\System32\USER32.dll
0x00007ffadb7d0000 - 0x00007ffadb7f2000 	C:\WINDOWS\System32\win32u.dll
0x00007ffac5aa0000 - 0x00007ffac5d3a000 	C:\WINDOWS\WinSxS\amd64_microsoft.windows.common-controls_6595b64144ccf1df_6.0.19041.844_none_ca00b6081b84eb1d\COMCTL32.dll
0x00007ffadd120000 - 0x00007ffadd14a000 	C:\WINDOWS\System32\GDI32.dll
0x00007ffadb210000 - 0x00007ffadb31b000 	C:\WINDOWS\System32\gdi32full.dll
0x00007ffadba90000 - 0x00007ffadbb2d000 	C:\WINDOWS\System32\msvcp_win.dll
0x00007ffad4af0000 - 0x00007ffad4afa000 	C:\WINDOWS\SYSTEM32\VERSION.dll
0x00007ffadd0f0000 - 0x00007ffadd120000 	C:\WINDOWS\System32\IMM32.DLL
0x00007ffabde10000 - 0x00007ffabdeab000 	C:\Program Files\Java\jdk-11.0.11\bin\msvcp140.dll
0x00007ffa9e820000 - 0x00007ffa9f31e000 	C:\Program Files\Java\jdk-11.0.11\bin\server\jvm.dll
0x00007ffadd0d0000 - 0x00007ffadd0d8000 	C:\WINDOWS\System32\PSAPI.DLL
0x00007ffac5000000 - 0x00007ffac5009000 	C:\WINDOWS\SYSTEM32\WSOCK32.dll
0x00007ffac9730000 - 0x00007ffac9757000 	C:\WINDOWS\SYSTEM32\WINMM.dll
0x00007ffadd5b0000 - 0x00007ffadd61b000 	C:\WINDOWS\System32\WS2_32.dll
0x00007ffad9b30000 - 0x00007ffad9b42000 	C:\WINDOWS\SYSTEM32\kernel.appcore.dll
0x00007ffad8280000 - 0x00007ffad8290000 	C:\Program Files\Java\jdk-11.0.11\bin\verify.dll
0x00007ffad97f0000 - 0x00007ffad99d4000 	C:\WINDOWS\SYSTEM32\DBGHELP.DLL
0x00007ffac2f00000 - 0x00007ffac2f2c000 	C:\WINDOWS\SYSTEM32\dbgcore.DLL
0x00007ffadb480000 - 0x00007ffadb500000 	C:\WINDOWS\System32\bcryptPrimitives.dll
0x00007ffac7010000 - 0x00007ffac7038000 	C:\Program Files\Java\jdk-11.0.11\bin\java.dll
0x00007ffad8250000 - 0x00007ffad825a000 	C:\Program Files\Java\jdk-11.0.11\bin\jimage.dll
0x00007fface010000 - 0x00007fface026000 	C:\Program Files\Java\jdk-11.0.11\bin\zip.dll
0x00007ffadc320000 - 0x00007ffadca62000 	C:\WINDOWS\System32\SHELL32.dll
0x00007ffad9050000 - 0x00007ffad97e0000 	C:\WINDOWS\SYSTEM32\windows.storage.dll
0x00007ffadbb40000 - 0x00007ffadbe95000 	C:\WINDOWS\System32\combase.dll
0x00007ffadac80000 - 0x00007ffadacac000 	C:\WINDOWS\SYSTEM32\Wldp.dll
0x00007ffadd1b0000 - 0x00007ffadd25e000 	C:\WINDOWS\System32\SHCORE.dll
0x00007ffadc050000 - 0x00007ffadc0a5000 	C:\WINDOWS\System32\shlwapi.dll
0x00007ffadb150000 - 0x00007ffadb16f000 	C:\WINDOWS\SYSTEM32\profapi.dll
0x00007ffac9ac0000 - 0x00007ffac9ad9000 	C:\Program Files\Java\jdk-11.0.11\bin\net.dll
0x00007ffac9820000 - 0x00007ffac992b000 	C:\WINDOWS\SYSTEM32\WINHTTP.dll
0x00007ffada9f0000 - 0x00007ffadaa5a000 	C:\WINDOWS\system32\mswsock.dll
0x00007ffac9a30000 - 0x00007ffac9a42000 	C:\Program Files\Java\jdk-11.0.11\bin\nio.dll
0x00007ffad8230000 - 0x00007ffad8239000 	C:\Program Files\Java\jdk-11.0.11\bin\management.dll
0x00007ffad6550000 - 0x00007ffad655b000 	C:\Program Files\Java\jdk-11.0.11\bin\management_ext.dll
0x00007ffadabc0000 - 0x00007ffadabd8000 	C:\WINDOWS\SYSTEM32\CRYPTSP.dll
0x00007ffada320000 - 0x00007ffada354000 	C:\WINDOWS\system32\rsaenh.dll
0x00007ffadb860000 - 0x00007ffadb887000 	C:\WINDOWS\System32\bcrypt.dll
0x00007ffadb110000 - 0x00007ffadb13e000 	C:\WINDOWS\SYSTEM32\USERENV.dll
0x00007ffadabe0000 - 0x00007ffadabec000 	C:\WINDOWS\SYSTEM32\CRYPTBASE.dll
0x00007ffada690000 - 0x00007ffada6cb000 	C:\WINDOWS\SYSTEM32\IPHLPAPI.DLL
0x00007ffadd0e0000 - 0x00007ffadd0e8000 	C:\WINDOWS\System32\NSI.dll
0x00007ffad4380000 - 0x00007ffad4397000 	C:\WINDOWS\SYSTEM32\dhcpcsvc6.DLL
0x00007ffad4b00000 - 0x00007ffad4b1d000 	C:\WINDOWS\SYSTEM32\dhcpcsvc.DLL
0x00007ffada6d0000 - 0x00007ffada79c000 	C:\WINDOWS\SYSTEM32\DNSAPI.dll
0x00007ffab9e20000 - 0x00007ffab9e37000 	C:\WINDOWS\system32\napinsp.dll
0x00007ffab9e00000 - 0x00007ffab9e1b000 	C:\WINDOWS\system32\pnrpnsp.dll
0x00007ffab9de0000 - 0x00007ffab9df5000 	C:\WINDOWS\system32\wshbth.dll
0x00007ffad68b0000 - 0x00007ffad68cd000 	C:\WINDOWS\system32\NLAapi.dll
0x00007ffab9cb0000 - 0x00007ffab9cc2000 	C:\WINDOWS\System32\winrnr.dll
0x00007ffac9100000 - 0x00007ffac910a000 	C:\Windows\System32\rasadhlp.dll
0x00007ffac97a0000 - 0x00007ffac981f000 	C:\WINDOWS\System32\fwpuclnt.dll
0x00007ffac50b0000 - 0x00007ffac50d5000 	C:\Program Files\Java\jdk-11.0.11\bin\sunec.dll

dbghelp: loaded successfully - version: 4.0.5 - missing functions: none
symbol engine: initialized successfully - sym options: 0x614 - pdb path: .;C:\Program Files\Java\jdk-11.0.11\bin;C:\WINDOWS\SYSTEM32;C:\WINDOWS\WinSxS\amd64_microsoft.windows.common-controls_6595b64144ccf1df_6.0.19041.844_none_ca00b6081b84eb1d;C:\Program Files\Java\jdk-11.0.11\bin\server

VM Arguments:
java_command: C:\Users\JINTHUSAN\AppData\Local\Temp\surefire1651593903303728021\surefirebooter3710259515723997576.jar C:\Users\JINTHUSAN\AppData\Local\Temp\surefire1651593903303728021 2021-06-14T11-59-28_269-jvmRun1 surefire16611507139213843574tmp surefire_05685117915537698481tmp
java_class_path (initial): C:\Users\JINTHUSAN\AppData\Local\Temp\surefire1651593903303728021\surefirebooter3710259515723997576.jar
Launcher Type: SUN_STANDARD

[Global flags]
     intx CICompilerCount                          = 4                                         {product} {ergonomic}
     uint ConcGCThreads                            = 2                                         {product} {ergonomic}
     uint G1ConcRefinementThreads                  = 8                                         {product} {ergonomic}
   size_t G1HeapRegionSize                         = 1048576                                   {product} {ergonomic}
    uintx GCDrainStackTargetSize                   = 64                                        {product} {ergonomic}
   size_t InitialHeapSize                          = 134217728                                 {product} {ergonomic}
   size_t MarkStackSize                            = 4194304                                   {product} {ergonomic}
   size_t MaxHeapSize                              = 2118123520                                {product} {ergonomic}
   size_t MaxNewSize                               = 1270874112                                {product} {ergonomic}
   size_t MinHeapDeltaBytes                        = 1048576                                   {product} {ergonomic}
    uintx NonNMethodCodeHeapSize                   = 5836300                                {pd product} {ergonomic}
    uintx NonProfiledCodeHeapSize                  = 122910970                              {pd product} {ergonomic}
    uintx ProfiledCodeHeapSize                     = 122910970                              {pd product} {ergonomic}
    uintx ReservedCodeCacheSize                    = 251658240                              {pd product} {ergonomic}
     bool SegmentedCodeCache                       = true                                      {product} {ergonomic}
     bool UseCompressedClassPointers               = true                                 {lp64_product} {ergonomic}
     bool UseCompressedOops                        = true                                 {lp64_product} {ergonomic}
     bool UseG1GC                                  = true                                      {product} {ergonomic}
     bool UseLargePagesIndividualAllocation        = false                                  {pd product} {ergonomic}

Logging:
Log output configuration:
 #0: stdout all=warning uptime,level,tags
 #1: stderr all=off uptime,level,tags

Environment Variables:
PATH=C:\Program Files\Common Files\Oracle\Java\javapath;C:\Windows\System32;C:\Program Files\nodejs\;C:\Program Files\Git\cmd;C:\WINDOWS\system32;C:\WINDOWS;C:\WINDOWS\System32\Wbem;C:\WINDOWS\System32\WindowsPowerShell\v1.0\;C:\WINDOWS\System32\OpenSSH\;C:\Program Files (x86)\Java\jdk-13.0.2\bin;E:\Softwares\dart-sdk\bin;E:\Softwares\flutter\bin;C:\Program Files\dotnet\;E:\SLIIT\QA Udemy\Selenium\Course Content\Section22\Software\apache-maven-3.8.1\bin;E:\SLIIT\QA Udemy\Selenium\Course Content\Section 23\jdk-11.0.11\bin;C:\Program Files (x86)\Java\jdk-11.0.11\bin;C:\strawberry\c\bin;C:\strawberry\perl\bin;C:\Program Files\MySQL\MySQL Shell 8.0\bin\;C:\Program Files\Java\jre1.8.0_221\bin;C:\Users\JINTHUSAN\AppData\Local\Programs\Microsoft VS Code\bin;C:\Users\JINTHUSAN\AppData\Roaming\npm;C:\Users\JINTHUSAN\AppData\Local\Microsoft\WindowsApps;C:\Program Files\JetBrains\PyCharm Community Edition 2020.1.2\bin;;C:\Program Files\MongoDB\Server\4.0\bin;C:\Users\JINTHUSAN\Desktop\Git lab_CDAP\SmartJudging\venv\Scripts\python.exe;C:\Users\JINTHUSAN\.dotnet\tools;C:\Program Files (x86)\Java\jdk-13.0.2\bin;C:\Program Files (x86)\Java\jdk-11.0.11\bin;
USERNAME=JINTHUSAN
OS=Windows_NT
PROCESSOR_IDENTIFIER=Intel64 Family 6 Model 142 Stepping 10, GenuineIntel



---------------  S Y S T E M  ---------------

OS: Windows 10 , 64 bit Build 19041 (10.0.19041.928)

CPU:total 8 (initial active 8) (4 cores per cpu, 2 threads per core) family 6 model 142 stepping 10 microcode 0xe0, cmov, cx8, fxsr, mmx, sse, sse2, sse3, ssse3, sse4.1, sse4.2, popcnt, avx, avx2, aes, clmul, erms, 3dnowpref, lzcnt, ht, tsc, tscinvbit, bmi1, bmi2, adx, fma

Memory: 4k page, system-wide physical 8074M (415M free)
TotalPageFile size 32650M (AvailPageFile size 203M)
current process WorkingSet (physical memory assigned to process): 397M, peak: 397M
current process commit charge ("private bytes"): 443M, peak: 445M

vm_info: Java HotSpot(TM) 64-Bit Server VM (11.0.11+9-LTS-194) for windows-amd64 JRE (11.0.11+9-LTS-194), built on Mar 18 2021 18:46:53 by "mach5one" with MS VC++ 15.9 (VS2017)

END.
